src/routes/payment.routes.ts(53,7): error TS2322: Type '"2025-05-28.basil"' is not assignable to type '"2023-10-16"'.
src/routes/webhook.routes.ts(28,7): error TS2322: Type '"2025-05-28.basil"' is not assignable to type '"2023-10-16"'.
The command '/bin/sh -c npm run build' returned a non-zero code: 2
ERROR
ERROR: build step 0 "gcr.io/cloud-builders/gcb-internal" failed: step exited with non-zero status: 2
------------------------------------------------------------------------------------------------------------------------------------------------

BUILD FAILURE: Build step failure: build step 0 "gcr.io/cloud-builders/gcb-internal" failed: step exited with non-zero status: 2
